<?xml version="1.0" encoding="UTF-8"?>
<!-- Generated by org.testng.reporters.JUnitReportReporter -->
<testsuite hostname="DESKTOP-FR5COSQ" failures="0" tests="2" name="com.example.ErrorValidtion" time="58.104" errors="0" timestamp="2023-12-13T09:12:00 IST" skipped="0">
  <testcase classname="com.example.ErrorValidtion" name="ProductErrorValidation" time="33.531"/>
  <testcase classname="com.example.ErrorValidtion" name="ErrorChecking" time="24.573"/>
</testsuite> <!-- com.example.ErrorValidtion -->
