<?xml version="1.0" encoding="UTF-8"?>
<!-- Generated by org.testng.reporters.JUnitReportReporter -->
<testsuite hostname="DESKTOP-FR5COSQ" failures="0" tests="3" name="com.example.StandAloneTest2" time="81.308" errors="0" timestamp="2023-12-13T09:12:00 IST" skipped="0">
  <testcase classname="com.example.StandAloneTest2" name="submitOrder" time="20.162"/>
  <testcase classname="com.example.StandAloneTest2" name="orderHistory" time="49.293"/>
  <testcase classname="com.example.StandAloneTest2" name="submitOrder" time="11.853"/>
</testsuite> <!-- com.example.StandAloneTest2 -->
